<?xml version="1.0" encoding="UTF-8"?>
<!-- Generated by org.testng.reporters.JUnitReportReporter -->
<testsuite skipped="0" hostname="LAPTOP-FT1A29EQ" name="regressionTestCases.testcase4" tests="2" failures="0" timestamp="2020-01-23T20:07:41 EST" time="0.002" errors="0">
  <testcase name="regressionTest4" time="0.001" classname="regressionTestCases.testcase4"/>
  <system-out/>
  <testcase name="regressionTest3" time="0.001" classname="regressionTestCases.testcase4"/>
  <system-out/>
</testsuite> <!-- regressionTestCases.testcase4 -->
