<?xml version="1.0" encoding="UTF-8"?>
<!-- Generated by org.testng.reporters.JUnitReportReporter -->
<testsuite skipped="0" hostname="LAPTOP-FT1A29EQ" name="regressionTestCases.testcase3" tests="2" failures="0" timestamp="2020-01-23T20:07:41 EST" time="0.005" errors="0">
  <testcase name="regressionTest2" time="0.002" classname="regressionTestCases.testcase3"/>
  <system-out/>
  <testcase name="regressionTest1" time="0.003" classname="regressionTestCases.testcase3"/>
  <system-out/>
</testsuite> <!-- regressionTestCases.testcase3 -->
