<?xml version="1.0" encoding="UTF-8"?>
<!-- Generated by org.testng.reporters.JUnitReportReporter -->
<testsuite skipped="0" hostname="LAPTOP-FT1A29EQ" name="Functionaltestcases.testcase1" tests="2" failures="0" timestamp="2020-01-23T20:07:41 EST" time="0.008" errors="0">
  <testcase name="doLogin" time="0.006" classname="Functionaltestcases.testcase1"/>
  <system-out/>
  <testcase name="homePage" time="0.002" classname="Functionaltestcases.testcase1"/>
  <system-out/>
</testsuite> <!-- Functionaltestcases.testcase1 -->
