<?xml version="1.0" encoding="UTF-8"?>
<!-- Generated by org.testng.reporters.JUnitReportReporter -->
<testsuite skipped="0" hostname="LAPTOP-FT1A29EQ" name="testcases.testcase1" tests="2" failures="0" timestamp="2020-01-23T12:49:03 EST" time="0.011" errors="0">
  <testcase name="doLogin" time="0.009" classname="testcases.testcase1"/>
  <system-out/>
  <testcase name="homePage" time="0.002" classname="testcases.testcase1"/>
  <system-out/>
</testsuite> <!-- testcases.testcase1 -->
